
Started Import Process
# System Details: 
Debug Mode 		: Disabled
Operating System 	: Linux
Software 		: LiteSpeed
MySQL version 		: 11.8.3
XML Reader 		: Yes
PHP Version 		: 8.2.29
PHP Max Input Vars 	: 5000
PHP Max Post Size 	: 1536M
PHP Extension GD 	: Yes
PHP Max Execution Time 	: 360
Max Upload Size 	: 2 GB
Memory Limit 		: Current memory limit 40M. We recommend setting memory to at least 64M.
Timezone 		: 0

-----

Importing Started! - 16:23:44 UTC
---

WHY IMPORT PROCESS CAN FAIL? READ THIS - 
https://wpastra.com/docs/?p=1314&utm_source=demo-import-panel&utm_campaign=import-error&utm_medium=wp-dashboard

---

Batch Process Started..
Starter Templates - Importing Images for Blog name 'avex' (1)
---- Processing Images from Widgets -----
---- Processing Contact Form Mapping from Text Widgets -----
---- Processing batch process for Customizer start ----
---- Processing batch process for Customizer done ----